<?xml version="1.0" encoding="UTF-8"?>
<!-- Generated by org.testng.reporters.JUnitReportReporter -->
<testsuite hostname="DESKTOP-2MNIJUS" failures="0" tests="1" name="Practice1.Sample" time="0.010" errors="0" timestamp="2023-04-26T07:39:44 IST" skipped="0">
  <testcase classname="Practice1.Sample" name="method" time="0.010"/>
  <system-out/>
</testsuite> <!-- Practice1.Sample -->
