<?xml version="1.0" encoding="UTF-8"?>
<!-- Generated by org.testng.reporters.JUnitReportReporter -->
<testsuite hostname="DESKTOP-2MNIJUS" failures="0" tests="1" name="Practice1.SmokeExTest" time="0.013" errors="0" timestamp="2023-04-26T11:10:13 IST" skipped="0">
  <testcase classname="Practice1.SmokeExTest" name="m1" time="0.013"/>
  <system-out/>
</testsuite> <!-- Practice1.SmokeExTest -->
